git@github.com:Jblew/inspector-widget.git
git@github.com:Jblew/inspector-widget-osowiec.git
git@github.com:Jblew/septemecclesiae.git
git@github.com:Jblew/osowiec-git-backup.git
git@github.com:Jblew/inspector-widget-aws-cost.git
git@github.com:Jblew/gcp-function-write-to-firestore.git
git@github.com:Jblew/flickity-fullscreen.git
git@github.com:Jblew/firebase-3factor-framework.git
git@github.com:Jblew/iot2firebase.git
git@github.com:Jblew/go-firebase-auth-in-gcp-functions.git
git@github.com:Jblew/git-diary.git
git@github.com:Jblew/serial2mqtt.git
git@github.com:Jblew/modern-scholastic.git
git@github.com:Jblew/behavioural.git
git@github.com:Jblew/hi.pine-ml-labeller.git
git@github.com:Jblew/hi.pine.git
git@github.com:Jblew/BME280_driver.git
git@github.com:Jblew/chirurgia.git
git@github.com:Jblew/jblew.github.io.git
git@github.com:Jblew/hi.pine-firebase-datalayer.git
git@github.com:Jblew/hi.pine-businesslogic.git
git@github.com:Jblew/hi.pine-iot.git
git@github.com:Jblew/octalysis-certificate.git
git@github.com:Jblew/companyco.git
git@github.com:Jblew/hi.pine-stpeter.git
git@github.com:Jblew/hi.pine-stpeter-sensorboard.git
git@github.com:Jblew/hi.pine-stpeter-rpigateway.git
git@github.com:Jblew/finanse.git
git@github.com:Jblew/looking-for-jobs.git
git@github.com:Jblew/hi.pine-stpeter-iot.git
git@github.com:Jblew/havedonewilldo.git
git@github.com:Jblew/firestore-roles-vue-auth.git
git@github.com:Jblew/amerykahospital-personalizedadvice-db.git
git@github.com:Jblew/amerykahospital-personalizedadvice-website.git
git@github.com:Jblew/amerykahospital-personalizedadvice-functions.git
git@github.com:Jblew/firebase-functions-rate-limiter.git
git@github.com:Jblew/lingua-latina.git
git@github.com:Jblew/songtech.git
git@github.com:Jblew/pitchup-models.git
git@github.com:Jblew/hi.pine-firmware.git
git@github.com:Jblew/slub-ania-jurek.git
git@github.com:Jblew/scholastics.git
git@github.com:Jblew/personcentred-papers.git
git@github.com:Jblew/wzornictwobox.git
git@github.com:Jblew/siejmy-press.git
git@github.com:Jblew/jekyll-seo-tag.git
git@github.com:Jblew/wum.git
git@github.com:Jblew/person-centred-solutions.git
git@github.com:Jblew/amerykahospital-personalizedadvice.git
git@github.com:Jblew/mece-motivation-workshops.git
git@github.com:Jblew/illuminations.git
git@github.com:Jblew/hfd-materials.git
git@github.com:Jblew/cele.git
git@github.com:Jblew/amerykahospital-personalizedadvice-medicalprofessional-app.git
git@github.com:Jblew/amerykahospital-personalized-advice-client-android.git
git@github.com:Jblew/amerykahospital-personalizedadvice-businesslogic.git
git@github.com:Jblew/gosandbox.git
git@github.com:Jblew/zsh-config.git
git@github.com:Jblew/hi.pine-cloud.git
git@github.com:Jblew/ha-vault.git
git@github.com:Jblew/lewandowski-software-architecture-aid.git
git@github.com:Jblew/typescript-dependency-lint.git
git@github.com:Jblew/covid-admission-procedure.git
git@github.com:Jblew/zimna-2-design.git
git@github.com:Jblew/diabetologia.git
git@github.com:Jblew/cypress-log-to-output.git
git@github.com:Jblew/7e-vault.git
git@github.com:doctor-lewandowski/ephemeris.git
git@github.com:Jblew/jblew-tslint-config.git
git@github.com:Jblew/iot-watering.git
git@github.com:Jblew/setup-gcp-uptime-monitors.git
git@github.com:Jblew/jblew.pl.git
git@github.com:Jblew/typescript-chained-error.git
git@github.com:Jblew/hi.pine-monitoring.git
git@github.com:Jblew/hi.pine-firestore.git
git@github.com:Jblew/hi.pine-roles-webapp.git
git@github.com:Jblew/hi.pine-samples.git
git@github.com:Jblew/dziennik.git
git@github.com:Jblew/pericites-and-angiopoietins.git
git@github.com:Jblew/ohmyzsh.git
git@github.com:Jblew/ship-the-interns.git
git@github.com:Jblew/fountain-the-cathedral.git
git@github.com:Jblew/amdg-initiative.git
git@github.com:Jblew/amerykahospital-personalizedadvice-private-docs.git
git@github.com:Jblew/hi.pine-airflow-sensor.git
git@github.com:Jblew/waran-travel.git
git@github.com:Jblew/typescript.git
git@github.com:Jblew/hi.pine-settings.git
git@github.com:Jblew/amerykahospital-personalizedadvice-settings.git
git@github.com:Jblew/rotate-dashboards.git
git@github.com:Jblew/vue-stateful-resource.git
git@github.com:Jblew/things-away.git
git@github.com:Jblew/statusboard.git
git@github.com:Jblew/projects-status-private.git
git@github.com:Jblew/personcentred.git
git@github.com:Jblew/projects-status.git
git@github.com:Jblew/castlegabriel-st-francisco.git
git@github.com:Jblew/narracja.git
git@github.com:Jblew/jblew-servers.git
git@github.com:Jblew/apollo-tooling.git
git@github.com:Jblew/cloud-monet-bot.git
git@github.com:Jblew/vue-robohash.git
git@github.com:Jblew/solideo-disco.git
git@github.com:Jblew/stowarzyszenie-robocze.git
git@github.com:Jblew/nerdcave-screen-rotator.git
git@github.com:Jblew/ow.git
git@github.com:Jblew/infomeet-wroclaw-19.10.2019.git
git@github.com:Jblew/nuxt.js.git
git@github.com:Jblew/dart-playground.git
git@github.com:Jblew/vue-cli.git
git@github.com:Jblew/xstate.git
git@github.com:Jblew/Dexie.js.git
git@github.com:Jblew/firestore-roles-manager-ui.git
git@github.com:Jblew/firestore-roles.git
git@github.com:Jblew/firestore-roles-vuex-module.git
git@github.com:Jblew/vue-global-xstate.git
git@github.com:Jblew/vue-localized-status.git
git@github.com:Jblew/localized-error.git
git@github.com:Jblew/firestore-roles-redux-module.git
git@github.com:Jblew/iot-timeseries-label-serverless.git
git@github.com:Jblew/amerykahospital-personalizedadvice-medicalprofessional-macos.git
git@github.com:Jblew/machinelearninglearning.git
git@github.com:Jblew/qlc-light-spot-follow.git
git@github.com:Jblew/iot-timeseries-label-react-ui.git
git@github.com:Jblew/vuex-notifications-module.git
git@github.com:Jblew/iot-timeseries-label-core.git
git@github.com:Jblew/medical-history-taking-app.git
git@github.com:Jblew/steem-smartvotes-playground.git
git@github.com:Jblew/spring-boot-demo.git
git@github.com:Jblew/amerykahospital-personalizedadvice-core.git
git@github.com:Jblew/mlsb-movement-recorder.git
git@github.com:Jblew/iot-timeseries-label-website.git
git@github.com:Jblew/mlsb-ml-spinebrace.git
git@github.com:Jblew/doing-time-tracker.git
git@github.com:Jblew/amerykahospital-personalizedadvice-vue-commons.git
git@github.com:Jblew/medmanual-ultimate.git
git@github.com:Jblew/alternativ-mud.git
git@github.com:Jblew/kinga-sz.git
git@github.com:Jblew/marinesmud-framework.git
git@github.com:Jblew/MedManual2.git
git@github.com:Jblew/cpr-station.git
git@github.com:Jblew/marinesmud-dj2.git
git@github.com:Jblew/marinesmud-dj.git
git@github.com:Jblew/marinesmud-3d-bot.git
git@github.com:Jblew/devdash.git
git@github.com:Jblew/iot-timeseries-label.git
git@github.com:Jblew/amerykahospital-personalizedadvice-medicalprofessional-windows.git
git@github.com:Jblew/clean-stack.git
git@github.com:Jblew/amerykahospital-personalized-allergology-advice-app.git
git@github.com:Jblew/oldtown-equipment.git
git@github.com:Jblew/marinesmud-3d.git
git@github.com:Jblew/steem-wise-plans.git
git@github.com:Jblew/marines-larp.git
git@github.com:Jblew/steem-content-renderer.git
git@github.com:Jblew/waran-travel-biebrza2019.git
git@github.com:Jblew/the-crow.git
git@github.com:Jblew/inholo.git
git@github.com:Jblew/sportowa31.git
git@github.com:Jblew/zimna2m31.git
git@github.com:Jblew/git-personal-finance.git
git@github.com:Jblew/todo.git
git@github.com:Jblew/steem-votes-analyzer.git
git@github.com:Jblew/pending-plans.git
git@github.com:Jblew/python-playground.git
git@github.com:Jblew/sbds.git
git@github.com:Jblew/git-time-tracker.git
git@github.com:Jblew/steem-article-drafts.git
git@github.com:Jblew/solideo-www-spring.git
git@github.com:Jblew/marines-mud.git
git@github.com:Jblew/Scala-API-Wrapper.git
git@github.com:Jblew/PhpWebServer.git
git@github.com:wise-team/utils.git
git@github.com:wise-team/hiveprojects.io.git
git@github.com:wise-team/steemprojects.com.git
git@github.com:wise-team/python-social-auth-steemconnect-examples.git
git@github.com:wise-team/steem-wise-test.git
git@github.com:wise-team/universe-log.git
git@github.com:wise-team/steem-wise-cli.git
git@github.com:wise-team/node-docker-watchdog.git
git@github.com:wise-team/wise-hub.git
git@github.com:wise-team/steem-wise-sql.git
git@github.com:wise-team/steem-efficient-stream.git
git@github.com:wise-team/steemfounders.git
git@github.com:wise-team/wise-vault.git
git@github.com:wise-team/steem-wise-core.git
git@github.com:wise-team/steem-wise-voter-page.git
git@github.com:wise-team/engrave.git
git@github.com:wise-team/steem-content-renderer.git
git@github.com:wise-team/wise-team.io.git
git@github.com:wise-team/engrave-shared.git
git@github.com:wise-team/ansible-playbooks.git
git@github.com:wise-team/steemconnect.git
git@github.com:wise-team/steem-wise-manual.git
git@github.com:wise-team/python-social-auth-steemconnect.git
git@github.com:wise-team/types-for-steem-js.git
git@github.com:wise-team/wise-tslint-configuration.git
git@github.com:wise-team/dockerized-mocha-slack-service-monitoring.git
git@github.com:wise-team/engrave-blockchain-tracker.git
git@github.com:wise-team/wise-ci.git
git@github.com:wise-team/wise-proxy.git
git@github.com:wise-team/stdio-mock.git
git@github.com:wise-team/wise-caddy.git
git@github.com:wise-team/media-kit.git
git@github.com:wise-team/steem-enhancer.git
git@github.com:wise-team/steem-wise-stats.git
git@github.com:wise-team/steem-diff.git
git@github.com:anielaolsztynek/anielaolsztynek.pl-2020.git
git@github.com:anielaolsztynek/anielaolsztynek.pl-monitoring.git
git@github.com:anielaolsztynek/anielaolsztynek-galeria.git
git@github.com:anielaolsztynek/anielaolsztynek-kronika.git
git@github.com:anielaolsztynek/anielaolsztynek.pl-migration.git
git@github.com:anielaolsztynek/anielaolsztynek.pl.git
git@github.com:academic-catholic-association-soli-deo/solideo.pl-v5.git
git@github.com:person-centred-solutions/branding.git
git@github.com:person-centred-solutions/personcentred.care.git
git@github.com:person-centred-solutions/person-centred-scholastic.git
git@github.com:person-centred-solutions/personcentred.care-functions.git
git@github.com:person-centred-solutions/pcs-vision.git
git@github.com:person-centred-solutions/hi.pine-plan.git
git@github.com:person-centred-solutions/person-centred-solutions.com.git
git@github.com:person-centred-solutions/sanctificetur-nonem-tuum.org.git
git@github.com:person-centred-solutions/hi.pine-docs-old.git
git@github.com:person-centred-solutions/lovedrivendesign.org.git
